<?xml version="1.0" encoding="UTF-8"?>
<testng-results ignored="0" total="1" passed="1" failed="0" skipped="0">
  <reporter-output>
  </reporter-output>
  <suite started-at="2018-07-05T16:17:28Z" name="Suite" finished-at="2018-07-05T16:17:45Z" duration-ms="17116">
    <groups>
    </groups>
    <test started-at="2018-07-05T16:17:28Z" name="Test" finished-at="2018-07-05T16:17:45Z" duration-ms="17116">
      <class name="driverscript.mainscript">
        <test-method is-config="true" signature="prerequiste()[pri:0, instance:driverscript.mainscript@6ab778a]" started-at="2018-07-05T16:17:28Z" name="prerequiste" finished-at="2018-07-05T16:17:29Z" duration-ms="492" status="PASS">
          <reporter-output>
          </reporter-output>
        </test-method> <!-- prerequiste -->
        <test-method signature="tc002()[pri:1, instance:driverscript.mainscript@6ab778a]" started-at="2018-07-05T16:17:29Z" name="tc002" finished-at="2018-07-05T16:17:45Z" duration-ms="16606" status="PASS">
          <reporter-output>
          </reporter-output>
        </test-method> <!-- tc002 -->
      </class> <!-- driverscript.mainscript -->
    </test> <!-- Test -->
  </suite> <!-- Suite -->
</testng-results>
