<?xml version="1.0" encoding="UTF-8"?>
<!-- Generated by org.testng.reporters.JUnitXMLReporter -->
<testsuite ignored="0" hostname="DESKTOP-4RQH96H" failures="0" tests="3" name="Default test" time="17.205" errors="0" timestamp="25 Jun 2018 02:33:56 GMT">
  <testcase classname="driverscript.mainscript" name="tc001" time="8.279"/>
  <testcase classname="driverscript.mainscript" name="tc002" time="8.24"/>
  <testcase classname="driverscript.mainscript" name="tc003" time="0.045"/>
</testsuite> <!-- Default test -->
